<?xml version="1.0" encoding="UTF-8"?>
<!-- Generated by org.testng.reporters.JUnitReportReporter -->
<testsuite skipped="0" hostname="sandhyas-MacBook-Air.local" name="qaclickacademy.MavenJava.AppiumTest" tests="2" failures="0" timestamp="01 Jan 2019 17:39:29 GMT" time="0.006" errors="0">
  <testcase name="AppiumTestTwo" time="0.000" classname="qaclickacademy.MavenJava.AppiumTest"/>
  <testcase name="AppiumTest" time="0.006" classname="qaclickacademy.MavenJava.AppiumTest"/>
</testsuite> <!-- qaclickacademy.MavenJava.AppiumTest -->
