<?xml version="1.0" encoding="UTF-8"?>
<!-- Generated by org.testng.reporters.JUnitReportReporter -->
<testsuite skipped="0" hostname="sandhyas-MacBook-Air.local" name="qaclickacademy.MavenJava.RestAPITest" tests="2" failures="0" timestamp="01 Jan 2019 17:39:34 GMT" time="0.000" errors="0">
  <testcase name="TestingAPI" time="0.000" classname="qaclickacademy.MavenJava.RestAPITest"/>
  <testcase name="Testing" time="0.000" classname="qaclickacademy.MavenJava.RestAPITest"/>
</testsuite> <!-- qaclickacademy.MavenJava.RestAPITest -->
