<?xml version="1.0" encoding="UTF-8"?>
<!-- Generated by org.testng.reporters.JUnitReportReporter -->
<testsuite skipped="0" hostname="sandhyas-MacBook-Air.local" name="qaclickacademy.MavenJava.SeleniumTest" tests="2" failures="0" timestamp="01 Jan 2019 17:39:24 GMT" time="0.001" errors="0">
  <testcase name="elementUi" time="0.000" classname="qaclickacademy.MavenJava.SeleniumTest"/>
  <testcase name="BrowserTest" time="0.001" classname="qaclickacademy.MavenJava.SeleniumTest"/>
</testsuite> <!-- qaclickacademy.MavenJava.SeleniumTest -->
